# /var/log/agent-app/monitor.log — Deadlock 실험 발췌

### ===== Before: MULTI_THREAD_ENABLE=true =====
[2026-05-11 18:00:00] PID:15021 CPU:1.8% MEM:2.3% DISK_USED:42%
[2026-05-11 18:01:00] PID:15021 CPU:1.6% MEM:2.3% DISK_USED:42%
[2026-05-11 18:02:00] PID:15021 CPU:1.2% MEM:2.4% DISK_USED:42%
[2026-05-11 18:03:00] PID:15021 CPU:0.0% MEM:2.4% DISK_USED:42%   ← 무응답 진입
[2026-05-11 18:05:00] PID:15021 CPU:0.0% MEM:2.4% DISK_USED:42%
[2026-05-11 18:10:00] PID:15021 CPU:0.0% MEM:2.4% DISK_USED:42%
[2026-05-11 18:20:00] PID:15021 CPU:0.0% MEM:2.4% DISK_USED:42%
[2026-05-11 18:30:00] PID:15021 CPU:0.0% MEM:2.4% DISK_USED:42%

# 주의점:
#   - monitor.sh 의 Health Check 는 통과한다 (프로세스 존재 + 포트 LISTEN).
#   - CPU/MEM 임계값(20%/10%)도 안 넘어서 WARNING 도 안 나옴.
#   - 즉 "CPU/MEM이 너무 평탄한 것" 자체가 이상신호 — 일반적 관제로는 놓치기 쉬움.

### ===== After: MULTI_THREAD_ENABLE=false =====
[2026-05-11 19:00:00] PID:15890 CPU:1.4% MEM:3.2% DISK_USED:42%
[2026-05-11 19:05:00] PID:15890 CPU:1.5% MEM:3.3% DISK_USED:42%
[2026-05-11 19:10:00] PID:15890 CPU:1.6% MEM:3.4% DISK_USED:42%
[2026-05-11 19:20:00] PID:15890 CPU:1.4% MEM:3.5% DISK_USED:42%
[2026-05-11 19:30:00] PID:15890 CPU:1.5% MEM:3.6% DISK_USED:42%
# → 정상 가동, CPU/MEM 미세하게 변동 (= 실제로 일을 하고 있다는 증거)
