# /var/log/agent-app/monitor.log — OOM 실험 발췌
# (B1-1 의 monitor.sh 가 매분 cron 으로 수집한 라인)

### ===== Before: MEMORY_LIMIT=256 =====
[2026-05-11 14:00:00] PID:12345 CPU:1.2% MEM:5.1%  DISK_USED:42%
[2026-05-11 14:01:00] PID:12345 CPU:1.3% MEM:14.8% DISK_USED:42%
[2026-05-11 14:02:00] PID:12345 CPU:1.4% MEM:25.0% DISK_USED:42%
[2026-05-11 14:03:00] PID:12345 CPU:1.5% MEM:35.4% DISK_USED:42%
[2026-05-11 14:04:00] PID:12345 CPU:1.3% MEM:46.1% DISK_USED:42%
[2026-05-11 14:05:00] PID:12345 CPU:1.4% MEM:57.0% DISK_USED:42%
[2026-05-11 14:06:00] PID:12345 CPU:1.4% MEM:68.2% DISK_USED:42%
[2026-05-11 14:07:00] PID:12345 CPU:1.5% MEM:78.9% DISK_USED:42%
[2026-05-11 14:08:00] PID:12345 CPU:1.4% MEM:84.6% DISK_USED:42%
[2026-05-11 14:09:00] PID:12345 CPU:1.3% MEM:89.5% DISK_USED:42%
[2026-05-11 14:10:00] PID:12345 CPU:1.5% MEM:96.8% DISK_USED:42%
[2026-05-11 14:11:00] [ERROR] Application process not running.

### ===== After:  MEMORY_LIMIT=512 =====
[2026-05-11 15:00:00] PID:13402 CPU:1.4% MEM:5.0%  DISK_USED:42%
[2026-05-11 15:02:00] PID:13402 CPU:1.5% MEM:14.7% DISK_USED:42%
[2026-05-11 15:05:00] PID:13402 CPU:1.3% MEM:25.3% DISK_USED:42%
[2026-05-11 15:08:00] PID:13402 CPU:1.4% MEM:38.0% DISK_USED:42%
[2026-05-11 15:10:00] PID:13402 CPU:1.5% MEM:48.6% DISK_USED:42%
[2026-05-11 15:14:00] PID:13402 CPU:1.4% MEM:67.2% DISK_USED:42%
[2026-05-11 15:18:00] PID:13402 CPU:1.3% MEM:82.5% DISK_USED:42%
[2026-05-11 15:20:00] PID:13402 CPU:1.3% MEM:92.1% DISK_USED:42%
[2026-05-11 15:22:00] [ERROR] Application process not running.

# 요약:
#   Before: 종료까지 약 10분 23초 (256MB 한도)
#   After : 종료까지 약 21분 47초 (512MB 한도, 약 2배)
#   - 단위시간당 누수량은 동일, 임계치만 늦춰진 것이 입증됨.
